Build started 3/29/2014 11:57:16 AM.
     1>Project "C:\Users\Scott\Documents\ASU\CSE220\Lab4\Lab4\Lab4.vcxproj" on node 2 (Build target(s)).
     1>InitializeBuildStatus:
         Touching "Debug\Lab4.unsuccessfulbuild".
       ClCompile:
         C:\Program Files (x86)\Microsoft Visual Studio 11.0\VC\bin\CL.exe /c /ZI /nologo /W3 /WX- /sdl /Od /Oy- /D _MBCS /Gm /EHsc /RTC1 /MDd /GS /fp:precise /Zc:wchar_t /Zc:forScope /Fo"Debug\\" /Fd"Debug\vc110.pdb" /Gd /TP /analyze- /errorReport:prompt Print.cpp Scanner.cpp Token.cpp main.cpp
         main.cpp
         Token.cpp
         Scanner.cpp
     1>c:\users\scott\documents\asu\cse220\lab4\lab4\scanner.cpp(457): warning C4018: '<' : signed/unsigned mismatch
         Print.cpp
         Generating Code...
       Link:
         C:\Program Files (x86)\Microsoft Visual Studio 11.0\VC\bin\link.exe /ERRORREPORT:PROMPT /OUT:"C:\Users\Scott\Documents\ASU\CSE220\Lab4\Debug\Lab4.exe" /INCREMENTAL /NOLOGO kernel32.lib user32.lib gdi32.lib winspool.lib comdlg32.lib advapi32.lib shell32.lib ole32.lib oleaut32.lib uuid.lib odbc32.lib odbccp32.lib /MANIFEST /MANIFESTUAC:"level='asInvoker' uiAccess='false'" /manifest:embed /DEBUG /PDB:"C:\Users\Scott\Documents\ASU\CSE220\Lab4\Debug\Lab4.pdb" /TLBID:1 /DYNAMICBASE /NXCOMPAT /IMPLIB:"C:\Users\Scott\Documents\ASU\CSE220\Lab4\Debug\Lab4.lib" /MACHINE:X86 Debug\main.obj
         Debug\Print.obj
         Debug\Scanner.obj
         Debug\Token.obj
         Lab4.vcxproj -> C:\Users\Scott\Documents\ASU\CSE220\Lab4\Debug\Lab4.exe
       FinalizeBuildStatus:
         Deleting file "Debug\Lab4.unsuccessfulbuild".
         Touching "Debug\Lab4.lastbuildstate".
     1>Done Building Project "C:\Users\Scott\Documents\ASU\CSE220\Lab4\Lab4\Lab4.vcxproj" (Build target(s)).

Build succeeded.

Time Elapsed 00:00:15.01
